14:09:41 **** Clean-only build of configuration Default for project wmsdk_bundle-3.3.33 ****
make -j7 clean 
 [clean] libaws_iot
 [clean] libevrythng
 [clean] libexpat-2.1.0
 [clean] libfreertos
 [clean] libxively
 [clean] liblwip
 [clean] libapp_framework
 [clean] libcli
 [clean] libdiagnostics
 [clean] libhealthmon
 [clean] libmdev
 [clean] liboverlays
 [clean] libpart
 [clean] libpwrmgr
 [clean] libutil
 [clean] libwmstdio
 [clean] libwmtime
 [clean] libdrv
 [clean] libled_indicator
 [clean] libpush_button
 [clean] libez_api
 [clean] libc
 [clean] libcacheprof
 [clean] libwmcrypto
 [clean] libaescrypto
 [clean] libbn
 [clean] libchacha-20
 [clean] libcurve25519
 [clean] libed25519
 [clean] libhkdf-sha512
 [clean] libpoly1305
 [clean] libsrp6a
 [clean] libdhcpd
 [clean] libezxml
 [clean] libftfs
 [clean] libhttpclient
 [clean] libhttpd
 [clean] libjson_generator
 [clean] libjson_parser
 [clean] libmdns
 [clean] libmfg
 [clean] libnwutils
 [clean] libprovisioning
 [clean] libpsm
 [clean] librfget
 [clean] libsysinfo
 [clean] libtelnetd
 [clean] libtls
 [clean] libttcp
 [clean] libwebsocket
 [clean] libxz
 [clean] libnet
 [clean] libos
 [clean] libbtdriver
 [clean] libwifidriver
 [clean] libwlcmgr
 [clean] boot2
 [clean] hello_world
 [clean] baremetal
 [clean] cert_demo
 [clean] perf_demo
 [clean] assembly_demo
 [clean] arrayent_demo
 [clean] aws_demo
 [clean] evrythng_demo
 [clean] xively_demo
 [clean] adc_demo
 [clean] gpio_demo
 [clean] dac_demo
 [clean] i2c_adv_master_demo
 [clean] i2c_adv_slave_demo
 [clean] i2c_simple_master_demo
 [clean] i2c_simple_slave_demo
 [clean] ssp_master_demo
 [clean] ssp_slave_demo
 [clean] ssp_full_duplex_demo
 [clean] uart_dma_rx_demo
 [clean] uart_dma_tx_demo
 [clean] uart_echo_demo
 [clean] deepsleep_pm4
 [clean] pdn_pm4
 [clean] uart_test
 [clean] i2c_test
 [clean] ssp_test
 [clean] mutex_demo
 [clean] semaphore_demo
 [clean] timer_demo
 [clean] cli_demo
 [clean] psm_demo
 [clean] webhandler_demo
 [clean] websocket_demo
 [clean] secure_fw_upgrade_demo
 [clean] low_level_fw_upgrade_demo
 [clean] fw_upgrade_demo
 [clean] uart_wifi_bridge
 [clean] fcc_app
 [clean] ntpc_demo
 [clean] server_demo
 [clean] client_demo
 [clean] pm_mcu_wifi_demo
 [clean] all_in_one
 [clean] qa1
 [clean] qa2
 [clean] qa3
 [clean] qa4
 [clean] rw_lock_demo
 [clean] os_demo
 [clean] heap_alloc_demo
 [clean] pm_i2c_master_demo
 [clean] pm_i2c_slave_demo
 [clean] wifi_driver_demo
 [clean] wlan_uap
 [clean] wm_demo
 [clean] wlan_11d
 [clean] wlan_mac
 [clean] wlan_eu_cert
 [clean] wlan_cal
 [clean] wlan_low_power
 [clean] wlan_power_save
 [clean] wlan_pdn
 [clean] uap_prov
 [clean] wlan_sniffer
 [clean] wlan_trpc_demo
 [clean] wlan_frame_inject_demo
 [clean] test_subdir
 [clean] smart_plug
 [clean] 01app_framework
 [clean] 02provisioning
 [clean] 03provisioning_webapp
 [clean] 04discovery
 [clean] 05local_control
 [clean] 06firmware_upgrades
 [clean] 07led_pushbutton

14:09:41 Build Finished (took 340ms)

